Added Component: Designator=5V 1(HDR1X2H)
Add component (AddParameter): Name = "LatestRevisionDate"; Value = "17-Jul-2002"; VariantName = "[No Variations]"
Add component (AddParameter): Name = "LatestRevisionNote"; Value = "Re-released for DXP Platform."; VariantName = "[No Variations]"
Add component (AddParameter): Name = "Publisher"; Value = "Altium Limited"; VariantName = "[No Variations]"
Added Component: Designator=5V 2(HDR1X2H)
Add component (AddParameter): Name = "LatestRevisionDate"; Value = "17-Jul-2002"; VariantName = "[No Variations]"
Add component (AddParameter): Name = "LatestRevisionNote"; Value = "Re-released for DXP Platform."; VariantName = "[No Variations]"
Add component (AddParameter): Name = "Publisher"; Value = "Altium Limited"; VariantName = "[No Variations]"
Added Component: Designator=8V 1(HDR1X2H)
Add component (AddParameter): Name = "LatestRevisionDate"; Value = "17-Jul-2002"; VariantName = "[No Variations]"
Add component (AddParameter): Name = "LatestRevisionNote"; Value = "Re-released for DXP Platform."; VariantName = "[No Variations]"
Add component (AddParameter): Name = "Publisher"; Value = "Altium Limited"; VariantName = "[No Variations]"
Added Component: Designator=8V 2(HDR1X2H)
Add component (AddParameter): Name = "LatestRevisionDate"; Value = "17-Jul-2002"; VariantName = "[No Variations]"
Add component (AddParameter): Name = "LatestRevisionNote"; Value = "Re-released for DXP Platform."; VariantName = "[No Variations]"
Add component (AddParameter): Name = "Publisher"; Value = "Altium Limited"; VariantName = "[No Variations]"
Add Component: Footprint Not Found 2-PIN-CONNECTOR
Add Component: Footprint Not Found 2-PIN-CONNECTOR
Added Component: Designator=ENCODER 1(HDR1X4)
Add component (AddParameter): Name = "LatestRevisionDate"; Value = "17-Jul-2002"; VariantName = "[No Variations]"
Add component (AddParameter): Name = "LatestRevisionNote"; Value = "Re-released for DXP Platform."; VariantName = "[No Variations]"
Add component (AddParameter): Name = "Publisher"; Value = "Altium Limited"; VariantName = "[No Variations]"
Added Component: Designator=ENCODER 2(HDR1X4)
Add component (AddParameter): Name = "LatestRevisionDate"; Value = "17-Jul-2002"; VariantName = "[No Variations]"
Add component (AddParameter): Name = "LatestRevisionNote"; Value = "Re-released for DXP Platform."; VariantName = "[No Variations]"
Add component (AddParameter): Name = "Publisher"; Value = "Altium Limited"; VariantName = "[No Variations]"
Added Component: Designator=ESC(HDR1X3)
Add component (AddParameter): Name = "LatestRevisionDate"; Value = "17-Jul-2002"; VariantName = "[No Variations]"
Add component (AddParameter): Name = "LatestRevisionNote"; Value = "Re-released for DXP Platform."; VariantName = "[No Variations]"
Add component (AddParameter): Name = "Publisher"; Value = "Altium Limited"; VariantName = "[No Variations]"
Added Component: Designator=I2C 1(HDR1X4)
Add component (AddParameter): Name = "LatestRevisionDate"; Value = "17-Jul-2002"; VariantName = "[No Variations]"
Add component (AddParameter): Name = "LatestRevisionNote"; Value = "Re-released for DXP Platform."; VariantName = "[No Variations]"
Add component (AddParameter): Name = "Publisher"; Value = "Altium Limited"; VariantName = "[No Variations]"
Added Component: Designator=I2C 2(HDR1X4)
Add component (AddParameter): Name = "LatestRevisionDate"; Value = "17-Jul-2002"; VariantName = "[No Variations]"
Add component (AddParameter): Name = "LatestRevisionNote"; Value = "Re-released for DXP Platform."; VariantName = "[No Variations]"
Add component (AddParameter): Name = "Publisher"; Value = "Altium Limited"; VariantName = "[No Variations]"
Added Component: Designator=IR 1(HDR1X3)
Add component (AddParameter): Name = "LatestRevisionDate"; Value = "17-Jul-2002"; VariantName = "[No Variations]"
Add component (AddParameter): Name = "LatestRevisionNote"; Value = "Re-released for DXP Platform."; VariantName = "[No Variations]"
Add component (AddParameter): Name = "Publisher"; Value = "Altium Limited"; VariantName = "[No Variations]"
Added Component: Designator=IR 2(HDR1X3)
Add component (AddParameter): Name = "LatestRevisionDate"; Value = "17-Jul-2002"; VariantName = "[No Variations]"
Add component (AddParameter): Name = "LatestRevisionNote"; Value = "Re-released for DXP Platform."; VariantName = "[No Variations]"
Add component (AddParameter): Name = "Publisher"; Value = "Altium Limited"; VariantName = "[No Variations]"
Added Component: Designator=IR 3(HDR1X3)
Add component (AddParameter): Name = "LatestRevisionDate"; Value = "17-Jul-2002"; VariantName = "[No Variations]"
Add component (AddParameter): Name = "LatestRevisionNote"; Value = "Re-released for DXP Platform."; VariantName = "[No Variations]"
Add component (AddParameter): Name = "Publisher"; Value = "Altium Limited"; VariantName = "[No Variations]"
Added Component: Designator=IR 4(HDR1X3)
Add component (AddParameter): Name = "LatestRevisionDate"; Value = "17-Jul-2002"; VariantName = "[No Variations]"
Add component (AddParameter): Name = "LatestRevisionNote"; Value = "Re-released for DXP Platform."; VariantName = "[No Variations]"
Add component (AddParameter): Name = "Publisher"; Value = "Altium Limited"; VariantName = "[No Variations]"
Added Component: Designator=IR 5(HDR1X3)
Add component (AddParameter): Name = "LatestRevisionDate"; Value = "17-Jul-2002"; VariantName = "[No Variations]"
Add component (AddParameter): Name = "LatestRevisionNote"; Value = "Re-released for DXP Platform."; VariantName = "[No Variations]"
Add component (AddParameter): Name = "Publisher"; Value = "Altium Limited"; VariantName = "[No Variations]"
Added Component: Designator=IR 6(HDR1X3)
Add component (AddParameter): Name = "LatestRevisionDate"; Value = "17-Jul-2002"; VariantName = "[No Variations]"
Add component (AddParameter): Name = "LatestRevisionNote"; Value = "Re-released for DXP Platform."; VariantName = "[No Variations]"
Add component (AddParameter): Name = "Publisher"; Value = "Altium Limited"; VariantName = "[No Variations]"
Added Component: Designator=IR 7(HDR1X3)
Add component (AddParameter): Name = "LatestRevisionDate"; Value = "17-Jul-2002"; VariantName = "[No Variations]"
Add component (AddParameter): Name = "LatestRevisionNote"; Value = "Re-released for DXP Platform."; VariantName = "[No Variations]"
Add component (AddParameter): Name = "Publisher"; Value = "Altium Limited"; VariantName = "[No Variations]"
Added Component: Designator=IR 8(HDR1X3)
Add component (AddParameter): Name = "LatestRevisionDate"; Value = "17-Jul-2002"; VariantName = "[No Variations]"
Add component (AddParameter): Name = "LatestRevisionNote"; Value = "Re-released for DXP Platform."; VariantName = "[No Variations]"
Add component (AddParameter): Name = "Publisher"; Value = "Altium Limited"; VariantName = "[No Variations]"
Added Component: Designator=IR 9(HDR1X3)
Add component (AddParameter): Name = "LatestRevisionDate"; Value = "17-Jul-2002"; VariantName = "[No Variations]"
Add component (AddParameter): Name = "LatestRevisionNote"; Value = "Re-released for DXP Platform."; VariantName = "[No Variations]"
Add component (AddParameter): Name = "Publisher"; Value = "Altium Limited"; VariantName = "[No Variations]"
Added Component: Designator=LED(HDR1X4)
Add component (AddParameter): Name = "LatestRevisionDate"; Value = "17-Jul-2002"; VariantName = "[No Variations]"
Add component (AddParameter): Name = "LatestRevisionNote"; Value = "Re-released for DXP Platform."; VariantName = "[No Variations]"
Add component (AddParameter): Name = "Publisher"; Value = "Altium Limited"; VariantName = "[No Variations]"
Added Component: Designator=LED(HDR1X4)
Add component (AddParameter): Name = "LatestRevisionDate"; Value = "17-Jul-2002"; VariantName = "[No Variations]"
Add component (AddParameter): Name = "LatestRevisionNote"; Value = "Re-released for DXP Platform."; VariantName = "[No Variations]"
Add component (AddParameter): Name = "Publisher"; Value = "Altium Limited"; VariantName = "[No Variations]"
Added Component: Designator=LED(HDR1X4)
Add component (AddParameter): Name = "LatestRevisionDate"; Value = "17-Jul-2002"; VariantName = "[No Variations]"
Add component (AddParameter): Name = "LatestRevisionNote"; Value = "Re-released for DXP Platform."; VariantName = "[No Variations]"
Add component (AddParameter): Name = "Publisher"; Value = "Altium Limited"; VariantName = "[No Variations]"
Added Component: Designator=LS 1(HDR1X3)
Add component (AddParameter): Name = "LatestRevisionDate"; Value = "17-Jul-2002"; VariantName = "[No Variations]"
Add component (AddParameter): Name = "LatestRevisionNote"; Value = "Re-released for DXP Platform."; VariantName = "[No Variations]"
Add component (AddParameter): Name = "Publisher"; Value = "Altium Limited"; VariantName = "[No Variations]"
Added Component: Designator=LS 2(HDR1X3)
Add component (AddParameter): Name = "LatestRevisionDate"; Value = "17-Jul-2002"; VariantName = "[No Variations]"
Add component (AddParameter): Name = "LatestRevisionNote"; Value = "Re-released for DXP Platform."; VariantName = "[No Variations]"
Add component (AddParameter): Name = "Publisher"; Value = "Altium Limited"; VariantName = "[No Variations]"
Added Component: Designator=LS 3(HDR1X3)
Add component (AddParameter): Name = "LatestRevisionDate"; Value = "17-Jul-2002"; VariantName = "[No Variations]"
Add component (AddParameter): Name = "LatestRevisionNote"; Value = "Re-released for DXP Platform."; VariantName = "[No Variations]"
Add component (AddParameter): Name = "Publisher"; Value = "Altium Limited"; VariantName = "[No Variations]"
Added Component: Designator=LS 4(HDR1X3)
Add component (AddParameter): Name = "LatestRevisionDate"; Value = "17-Jul-2002"; VariantName = "[No Variations]"
Add component (AddParameter): Name = "LatestRevisionNote"; Value = "Re-released for DXP Platform."; VariantName = "[No Variations]"
Add component (AddParameter): Name = "Publisher"; Value = "Altium Limited"; VariantName = "[No Variations]"
Added Component: Designator=mega1(ARDUINO_A000067)
Add component (AddParameter): Name = "Availability"; Value = "In Stock"; VariantName = "[No Variations]"
Add component (AddParameter): Name = "Check_prices"; Value = "https://www.snapeda.com/parts/A000067/Arduino/view-part/?ref=eda"; VariantName = "[No Variations]"
Add component (AddParameter): Name = "Component Type"; Value = "Standard"; VariantName = "[No Variations]"
Add component (AddParameter): Name = "Design Item ID"; Value = "A000067"; VariantName = "[No Variations]"
Add component (AddParameter): Name = "MF"; Value = "Arduino"; VariantName = "[No Variations]"
Add component (AddParameter): Name = "MP"; Value = "A000067"; VariantName = "[No Variations]"
Add component (AddParameter): Name = "Package"; Value = "Non-Standard Arduino"; VariantName = "[No Variations]"
Add component (AddParameter): Name = "Pin Count"; Value = "86"; VariantName = "[No Variations]"
Add component (AddParameter): Name = "Price"; Value = "None"; VariantName = "[No Variations]"
Add component (AddParameter): Name = "Purchase-URL"; Value = "https://pricing.snapeda.com/search?q=A000067&ref=eda"; VariantName = "[No Variations]"
Add component (AddParameter): Name = "SnapEDA_Link"; Value = "https://www.snapeda.com/parts/A000067/Arduino/view-part/?ref=snap"; VariantName = "[No Variations]"
Add component (AddParameter): Name = "Source"; Value = "A000067.SchLib"; VariantName = "[No Variations]"
Add component (AddParameter): Name = "Value"; Value = ""; VariantName = "[No Variations]"
Added Component: Designator=ODESC(HDR1X4)
Add component (AddParameter): Name = "LatestRevisionDate"; Value = "17-Jul-2002"; VariantName = "[No Variations]"
Add component (AddParameter): Name = "LatestRevisionNote"; Value = "Re-released for DXP Platform."; VariantName = "[No Variations]"
Add component (AddParameter): Name = "Publisher"; Value = "Altium Limited"; VariantName = "[No Variations]"
Added Component: Designator=POT (HDR1X3)
Add component (AddParameter): Name = "LatestRevisionDate"; Value = "17-Jul-2002"; VariantName = "[No Variations]"
Add component (AddParameter): Name = "LatestRevisionNote"; Value = "Re-released for DXP Platform."; VariantName = "[No Variations]"
Add component (AddParameter): Name = "Publisher"; Value = "Altium Limited"; VariantName = "[No Variations]"
Added Component: Designator=SE 1(HDR1X3)
Add component (AddParameter): Name = "LatestRevisionDate"; Value = "17-Jul-2002"; VariantName = "[No Variations]"
Add component (AddParameter): Name = "LatestRevisionNote"; Value = "Re-released for DXP Platform."; VariantName = "[No Variations]"
Add component (AddParameter): Name = "Publisher"; Value = "Altium Limited"; VariantName = "[No Variations]"
Added Component: Designator=SE 2(HDR1X3)
Add component (AddParameter): Name = "LatestRevisionDate"; Value = "17-Jul-2002"; VariantName = "[No Variations]"
Add component (AddParameter): Name = "LatestRevisionNote"; Value = "Re-released for DXP Platform."; VariantName = "[No Variations]"
Add component (AddParameter): Name = "Publisher"; Value = "Altium Limited"; VariantName = "[No Variations]"
Added Component: Designator=SE 3(HDR1X3)
Add component (AddParameter): Name = "LatestRevisionDate"; Value = "17-Jul-2002"; VariantName = "[No Variations]"
Add component (AddParameter): Name = "LatestRevisionNote"; Value = "Re-released for DXP Platform."; VariantName = "[No Variations]"
Add component (AddParameter): Name = "Publisher"; Value = "Altium Limited"; VariantName = "[No Variations]"
Added Component: Designator=SE 4(HDR1X3)
Add component (AddParameter): Name = "LatestRevisionDate"; Value = "17-Jul-2002"; VariantName = "[No Variations]"
Add component (AddParameter): Name = "LatestRevisionNote"; Value = "Re-released for DXP Platform."; VariantName = "[No Variations]"
Add component (AddParameter): Name = "Publisher"; Value = "Altium Limited"; VariantName = "[No Variations]"
Added Component: Designator=SE 5(HDR1X5)
Add component (AddParameter): Name = "LatestRevisionDate"; Value = "17-Jul-2002"; VariantName = "[No Variations]"
Add component (AddParameter): Name = "LatestRevisionNote"; Value = "Re-released for DXP Platform."; VariantName = "[No Variations]"
Add component (AddParameter): Name = "Publisher"; Value = "Altium Limited"; VariantName = "[No Variations]"
Added Component: Designator=Servo 1(HDR1X3)
Add component (AddParameter): Name = "LatestRevisionDate"; Value = "17-Jul-2002"; VariantName = "[No Variations]"
Add component (AddParameter): Name = "LatestRevisionNote"; Value = "Re-released for DXP Platform."; VariantName = "[No Variations]"
Add component (AddParameter): Name = "Publisher"; Value = "Altium Limited"; VariantName = "[No Variations]"
Added Component: Designator=Servo 2(HDR1X3)
Add component (AddParameter): Name = "LatestRevisionDate"; Value = "17-Jul-2002"; VariantName = "[No Variations]"
Add component (AddParameter): Name = "LatestRevisionNote"; Value = "Re-released for DXP Platform."; VariantName = "[No Variations]"
Add component (AddParameter): Name = "Publisher"; Value = "Altium Limited"; VariantName = "[No Variations]"
Added Component: Designator=TCS1(HDR1X4)
Add component (AddParameter): Name = "LatestRevisionDate"; Value = "17-Jul-2002"; VariantName = "[No Variations]"
Add component (AddParameter): Name = "LatestRevisionNote"; Value = "Re-released for DXP Platform."; VariantName = "[No Variations]"
Add component (AddParameter): Name = "Publisher"; Value = "Altium Limited"; VariantName = "[No Variations]"
Added Component: Designator=TCS2(HDR1X4)
Add component (AddParameter): Name = "LatestRevisionDate"; Value = "17-Jul-2002"; VariantName = "[No Variations]"
Add component (AddParameter): Name = "LatestRevisionNote"; Value = "Re-released for DXP Platform."; VariantName = "[No Variations]"
Add component (AddParameter): Name = "Publisher"; Value = "Altium Limited"; VariantName = "[No Variations]"
Added Component: Designator=UART(HDR1X4)
Add component (AddParameter): Name = "LatestRevisionDate"; Value = "17-Jul-2002"; VariantName = "[No Variations]"
Add component (AddParameter): Name = "LatestRevisionNote"; Value = "Re-released for DXP Platform."; VariantName = "[No Variations]"
Add component (AddParameter): Name = "Publisher"; Value = "Altium Limited"; VariantName = "[No Variations]"
Added Pin To Net: NetName=+5 Pin=5V 1-2
Added Pin To Net: NetName=+5 Pin=5V 2-2
Added Pin To Net: NetName=+5 Pin=ENCODER 1-2
Added Pin To Net: NetName=+5 Pin=ENCODER 2-2
Added Pin To Net: NetName=+5 Pin=ESC-2
Added Pin To Net: NetName=+5 Pin=I2C 1-2
Added Pin To Net: NetName=+5 Pin=I2C 2-2
Added Pin To Net: NetName=+5 Pin=IR 1-3
Added Pin To Net: NetName=+5 Pin=IR 2-3
Added Pin To Net: NetName=+5 Pin=IR 3-3
Added Pin To Net: NetName=+5 Pin=IR 4-3
Added Pin To Net: NetName=+5 Pin=IR 5-3
Added Pin To Net: NetName=+5 Pin=IR 6-3
Added Pin To Net: NetName=+5 Pin=IR 7-3
Added Pin To Net: NetName=+5 Pin=IR 8-3
Added Pin To Net: NetName=+5 Pin=IR 9-3
Added Pin To Net: NetName=+5 Pin=LS 1-3
Added Pin To Net: NetName=+5 Pin=LS 2-3
Added Pin To Net: NetName=+5 Pin=LS 3-3
Added Pin To Net: NetName=+5 Pin=LS 4-3
Added Pin To Net: NetName=+5 Pin=ODESC-2
Added Pin To Net: NetName=+5 Pin=POT -2
Added Pin To Net: NetName=+5 Pin=Servo 1-2
Added Pin To Net: NetName=+5 Pin=Servo 2-2
Added Pin To Net: NetName=+5 Pin=TCS2-1
Added Pin To Net: NetName=+5 Pin=UART-2
Added Net: Name=+5
Added Pin To Net: NetName=+12 Pin=LED-1
Added Pin To Net: NetName=+12 Pin=LED-1
Added Pin To Net: NetName=+12 Pin=LED-1
Added Net: Name=+12
Added Pin To Net: NetName=2 Pin=ENCODER 2-4
Added Pin To Net: NetName=2 Pin=mega1-2
Added Net: Name=2
Added Pin To Net: NetName=3 Pin=ENCODER 2-3
Added Pin To Net: NetName=3 Pin=mega1-3
Added Net: Name=3
Added Pin To Net: NetName=4 Pin=mega1-4
Added Pin To Net: NetName=4 Pin=SE 1-2
Added Net: Name=4
Added Pin To Net: NetName=5 Pin=mega1-5
Added Pin To Net: NetName=5 Pin=SE 2-2
Added Net: Name=5
Added Pin To Net: NetName=6 Pin=mega1-6
Added Pin To Net: NetName=6 Pin=SE 3-2
Added Net: Name=6
Added Pin To Net: NetName=7 Pin=mega1-7
Added Pin To Net: NetName=7 Pin=SE 4-2
Added Net: Name=7
Added Pin To Net: NetName=8 Pin=mega1-8
Added Pin To Net: NetName=8 Pin=SE 5-4
Added Net: Name=8
Added Pin To Net: NetName=9 Pin=mega1-9
Added Pin To Net: NetName=9 Pin=SE 5-2
Added Net: Name=9
Added Pin To Net: NetName=10(PWM) Pin=mega1-10
Added Net: Name=10(PWM)
Added Pin To Net: NetName=10 Pin=ESC-3
Added Net: Name=10
Added Pin To Net: NetName=11(PWM) Pin=mega1-11
Added Net: Name=11(PWM)
Added Pin To Net: NetName=12(PWM) Pin=mega1-12
Added Net: Name=12(PWM)
Added Pin To Net: NetName=14(TX) Pin=mega1-14
Added Pin To Net: NetName=14(TX) Pin=ODESC-4
Added Net: Name=14(TX)
Added Pin To Net: NetName=15(RX) Pin=mega1-15
Added Pin To Net: NetName=15(RX) Pin=ODESC-3
Added Net: Name=15(RX)
Added Pin To Net: NetName=16 Pin=mega1-16
Added Pin To Net: NetName=16 Pin=UART-4
Added Net: Name=16
Added Pin To Net: NetName=17 Pin=mega1-17
Added Pin To Net: NetName=17 Pin=UART-3
Added Net: Name=17
Added Pin To Net: NetName=18(TX) Pin=ENCODER 1-3
Added Pin To Net: NetName=18(TX) Pin=mega1-18
Added Net: Name=18(TX)
Added Pin To Net: NetName=19(RX) Pin=ENCODER 1-4
Added Pin To Net: NetName=19(RX) Pin=mega1-19
Added Net: Name=19(RX)
Added Pin To Net: NetName=22  Pin=IR 1-2
Added Net: Name=22 
Added Pin To Net: NetName=22 Pin=mega1-22
Added Net: Name=22
Added Pin To Net: NetName=23 Pin=mega1-23
Added Pin To Net: NetName=23 Pin=SE 1-3
Added Net: Name=23
Added Pin To Net: NetName=24  Pin=IR 2-2
Added Net: Name=24 
Added Pin To Net: NetName=24 Pin=mega1-24
Added Net: Name=24
Added Pin To Net: NetName=25 Pin=mega1-25
Added Pin To Net: NetName=25 Pin=SE 2-3
Added Net: Name=25
Added Pin To Net: NetName=26   Pin=IR 3-2
Added Net: Name=26  
Added Pin To Net: NetName=26 Pin=mega1-26
Added Net: Name=26
Added Pin To Net: NetName=27 Pin=mega1-27
Added Pin To Net: NetName=27 Pin=SE 3-3
Added Net: Name=27
Added Pin To Net: NetName=28  Pin=IR 4-2
Added Net: Name=28 
Added Pin To Net: NetName=28 Pin=mega1-28
Added Net: Name=28
Added Pin To Net: NetName=29 Pin=mega1-29
Added Pin To Net: NetName=29 Pin=SE 4-3
Added Net: Name=29
Added Pin To Net: NetName=30  Pin=IR 5-2
Added Net: Name=30 
Added Pin To Net: NetName=30 Pin=mega1-30
Added Net: Name=30
Added Pin To Net: NetName=31 Pin=mega1-31
Added Pin To Net: NetName=31 Pin=SE 5-5
Added Net: Name=31
Added Pin To Net: NetName=32  Pin=IR 6-2
Added Net: Name=32 
Added Pin To Net: NetName=32 Pin=mega1-32
Added Net: Name=32
Added Pin To Net: NetName=33 Pin=LS 2-2
Added Pin To Net: NetName=33 Pin=LS 3-2
Added Pin To Net: NetName=33 Pin=LS 4-2
Added Pin To Net: NetName=33 Pin=mega1-33
Added Pin To Net: NetName=33 Pin=SE 5-3
Added Net: Name=33
Added Pin To Net: NetName=34  Pin=IR 7-2
Added Net: Name=34 
Added Pin To Net: NetName=34 Pin=mega1-34
Added Net: Name=34
Added Pin To Net: NetName=35 Pin=mega1-35
Added Pin To Net: NetName=35 Pin=Servo 1-3
Added Net: Name=35
Added Pin To Net: NetName=36 Pin=IR 8-2
Added Pin To Net: NetName=36 Pin=mega1-36
Added Net: Name=36
Added Pin To Net: NetName=37 Pin=mega1-37
Added Pin To Net: NetName=37 Pin=Servo 2-3
Added Net: Name=37
Added Pin To Net: NetName=38  Pin=IR 9-2
Added Net: Name=38 
Added Pin To Net: NetName=38 Pin=mega1-38
Added Net: Name=38
Added Pin To Net: NetName=39 Pin=LS 1-2
Added Net: Name=39
Added Pin To Net: NetName=40 Pin=mega1-40
Added Net: Name=40
Added Pin To Net: NetName=41 Pin=mega1-41
Added Net: Name=41
Added Pin To Net: NetName=42 Pin=mega1-42
Added Net: Name=42
Added Pin To Net: NetName=43 Pin=mega1-43
Added Net: Name=43
Added Pin To Net: NetName=44 Pin=mega1-44
Added Net: Name=44
Added Pin To Net: NetName=46 Pin=mega1-46
Added Net: Name=46
Added Pin To Net: NetName=48 S3 Pin=mega1-48
Added Pin To Net: NetName=48 S3 Pin=TCS2-4
Added Net: Name=48 S3
Added Pin To Net: NetName=50 S2 Pin=mega1-50
Added Pin To Net: NetName=50 S2 Pin=TCS2-3
Added Net: Name=50 S2
Added Pin To Net: NetName=51 S0 Pin=mega1-51
Added Pin To Net: NetName=51 S0 Pin=TCS1-4
Added Net: Name=51 S0
Added Pin To Net: NetName=52 OUT Pin=mega1-52
Added Pin To Net: NetName=52 OUT Pin=TCS2-2
Added Net: Name=52 OUT
Added Pin To Net: NetName=53 S1 Pin=mega1-53
Added Pin To Net: NetName=53 S1 Pin=TCS1-3
Added Net: Name=53 S1
Added Pin To Net: NetName=A0 Pin=POT -1
Added Net: Name=A0
Added Pin To Net: NetName=A1 Pin=LED-4
Added Pin To Net: NetName=A1 Pin=LED-4
Added Pin To Net: NetName=A1 Pin=LED-4
Added Net: Name=A1
Added Pin To Net: NetName=A2 Pin=LED-3
Added Pin To Net: NetName=A2 Pin=LED-3
Added Pin To Net: NetName=A2 Pin=LED-3
Added Net: Name=A2
Added Pin To Net: NetName=A3 Pin=LED-2
Added Pin To Net: NetName=A3 Pin=LED-2
Added Pin To Net: NetName=A3 Pin=LED-2
Added Net: Name=A3
Added Pin To Net: NetName=GND Pin=5V 1-1
Added Pin To Net: NetName=GND Pin=5V 2-1
Added Pin To Net: NetName=GND Pin=8V 1-1
Added Pin To Net: NetName=GND Pin=8V 2-1
Added Pin To Net: NetName=GND Pin=ENCODER 1-1
Added Pin To Net: NetName=GND Pin=ENCODER 2-1
Added Pin To Net: NetName=GND Pin=ESC-1
Added Pin To Net: NetName=GND Pin=I2C 1-1
Added Pin To Net: NetName=GND Pin=I2C 2-1
Added Pin To Net: NetName=GND Pin=IR 1-1
Added Pin To Net: NetName=GND Pin=IR 2-1
Added Pin To Net: NetName=GND Pin=IR 3-1
Added Pin To Net: NetName=GND Pin=IR 4-1
Added Pin To Net: NetName=GND Pin=IR 5-1
Added Pin To Net: NetName=GND Pin=IR 6-1
Added Pin To Net: NetName=GND Pin=IR 7-1
Added Pin To Net: NetName=GND Pin=IR 8-1
Added Pin To Net: NetName=GND Pin=IR 9-1
Added Pin To Net: NetName=GND Pin=LS 1-1
Added Pin To Net: NetName=GND Pin=LS 2-1
Added Pin To Net: NetName=GND Pin=LS 3-1
Added Pin To Net: NetName=GND Pin=LS 4-1
Added Pin To Net: NetName=GND Pin=mega1-GND1
Added Pin To Net: NetName=GND Pin=mega1-GND2
Added Pin To Net: NetName=GND Pin=mega1-GND3
Added Pin To Net: NetName=GND Pin=mega1-GND4
Added Pin To Net: NetName=GND Pin=mega1-GND5
Added Pin To Net: NetName=GND Pin=ODESC-1
Added Pin To Net: NetName=GND Pin=POT -3
Added Pin To Net: NetName=GND Pin=SE 1-1
Added Pin To Net: NetName=GND Pin=SE 2-1
Added Pin To Net: NetName=GND Pin=SE 3-1
Added Pin To Net: NetName=GND Pin=SE 4-1
Added Pin To Net: NetName=GND Pin=SE 5-1
Added Pin To Net: NetName=GND Pin=Servo 1-1
Added Pin To Net: NetName=GND Pin=Servo 2-1
Added Pin To Net: NetName=GND Pin=TCS1-1
Added Pin To Net: NetName=GND Pin=UART-1
Added Net: Name=GND
Added Pin To Net: NetName=SCL Pin=I2C 1-4
Added Pin To Net: NetName=SCL Pin=I2C 2-4
Added Pin To Net: NetName=SCL Pin=mega1-21
Added Net: Name=SCL
Added Pin To Net: NetName=SDA Pin=I2C 1-3
Added Pin To Net: NetName=SDA Pin=I2C 2-3
Added Pin To Net: NetName=SDA Pin=mega1-20
Added Net: Name=SDA
Added Pin To Net: NetName=Vin Pin=8V 1-2
Added Pin To Net: NetName=Vin Pin=8V 2-2
Added Pin To Net: NetName=Vin Pin=mega1-VIN
Added Net: Name=Vin
Added Class: Name=MECHANISM FINAL PCB
Added Room: Name=MECHANISM FINAL PCB
